<?xml version="1.0" encoding="UTF-8"?>
<testsuites name="jest tests" tests="7" failures="0" errors="0" time="0.78">
  <testsuite name="Two Sum Problem" errors="0" failures="0" skipped="0" timestamp="2025-03-26T23:01:45" time="0.742" tests="7">
    <testcase classname="Two Sum Problem should return indices of numbers that add up to the target" name="Two Sum Problem should return indices of numbers that add up to the target" time="0.001">
    </testcase>
    <testcase classname="Two Sum Problem should return indices for multiple pairs but any valid pair" name="Two Sum Problem should return indices for multiple pairs but any valid pair" time="0">
    </testcase>
    <testcase classname="Two Sum Problem should return empty array if no pair exists" name="Two Sum Problem should return empty array if no pair exists" time="0">
    </testcase>
    <testcase classname="Two Sum Problem should handle negative numbers and the target" name="Two Sum Problem should handle negative numbers and the target" time="0">
    </testcase>
    <testcase classname="Two Sum Problem should handle duplicate numbers in the array" name="Two Sum Problem should handle duplicate numbers in the array" time="0">
    </testcase>
    <testcase classname="Two Sum Problem should handle a single element array with no solution" name="Two Sum Problem should handle a single element array with no solution" time="0">
    </testcase>
    <testcase classname="Two Sum Problem should return any valid pair if multiple solutions exist" name="Two Sum Problem should return any valid pair if multiple solutions exist" time="0.001">
    </testcase>
  </testsuite>
</testsuites>